<?xml version="1.0" encoding="UTF-8" ?>
<testsuite errors="0" failures="0" hostname="Brians-MacBook-Pro-5.local" name="com.flatironschool.javacs.WikiPhilosophyTest" skipped="0" tests="1" time="14.48" timestamp="2016-06-06T03:57:25">
  <properties>
[...]
</properties>
  <testcase classname="com.flatironschool.javacs.WikiPhilosophyTest" name="testMain" time="14.096" />
  <system-out><![CDATA[Visiting: https://en.wikipedia.org/wiki/Java_(programming_language)
Visiting: https://en.wikipedia.org/wiki/Programming_language
Visiting: https://en.wikipedia.org/wiki/Formal_language
Visiting: https://en.wikipedia.org/wiki/Mathematics
Visiting: https://en.wikipedia.org/wiki/Ancient_Greek
Visiting: https://en.wikipedia.org/wiki/Greek_language
Visiting: https://en.wikipedia.org#cite_note-10
Visiting: https://en.wikipedia.org/wiki/Omaha_Beach
Visiting: https://en.wikipedia.org/wiki/Code_name
Visiting: https://en.wikipedia.org/wiki/Military
Visiting: https://en.wikipedia.org/wiki/Armed_forces
Visiting: https://en.wikipedia.org/wiki/Country
Visiting: https://en.wikipedia.org/wiki/Political_geography
Visiting: https://en.wikipedia.org/wiki/Politics
Visiting: https://en.wikipedia.org/wiki/Greek_language
]]></system-out>
  <system-err><![CDATA[]]></system-err>
</testsuite>
